   0  $accept : programa $end

   1  programa : parte_declarativa parte_ejecutable
   2           | parte_ejecutable

   3  parte_declarativa : parte_declarativa sentencia_declarativa
   4                    | sentencia_declarativa

   5  parte_ejecutable : parte_ejecutable sentencia_ejecutable
   6                   | parte_ejecutable ambito
   7                   | sentencia_ejecutable
   8                   | ambito

   9  parte_ejecutable_bloque : parte_ejecutable_bloque sentencia_ejecutable
  10                          | sentencia_ejecutable

  11  sentencia_declarativa : tipo lista_var ';'
  12                        | tipo error ';'
  13                        | tipo lista_var error ';'

  14  tipo : FLOAT
  15       | INT

  16  lista_var : lista_var ',' ID
  17            | ID
  18            | error ',' ID

  19  lista_var_g : lista_var_g ',' ID
  20              | ID
  21              | error ',' ID

  22  sentencia_ejecutable : seleccion
  23                       | iteracion ';'
  24                       | iteracion
  25                       | salida_mensajes ';'
  26                       | salida_mensajes
  27                       | asignacion

  28  seleccion : IF condicion_if THEN bloque_de_sentencias
  29            | IF condicion_if THEN bloque_de_sentencias else bloque_de_sentencias
  30            | IF condicion_if bloque_de_sentencias
  31            | IF condicion_if bloque_de_sentencias ELSE bloque_de_sentencias

  32  condicion_if : '(' condicion ')'
  33               | '(' condicion
  34               | condicion ')'
  35               | condicion

  36  else : ELSE

  37  condicion_until : '(' condicion ')'
  38                  | '(' condicion
  39                  | condicion ')'
  40                  | condicion

  41  condicion : expresion comparador expresion
  42            | expresion comparador error
  43            | error comparador expresion
  44            | expresion error expresion
  45            | error comparador error
  46            | error

  47  asignacion : ID '=' expresion ';'
  48             | ID '=' expresion
  49             | ID '=' error ';'
  50             | ID '=' expresion error ';'
  51             | ID error ';'

  52  expresion : expresion '+' expresion
  53            | expresion '-' expresion
  54            | TOFLOAT '(' expresion ')'
  55            | expresion '*' expresion
  56            | expresion '/' expresion
  57            | ID
  58            | CTE
  59            | '-' CTE

  60  comparador : '>'
  61             | '<'
  62             | MAYORIGUAL
  63             | MENORIGUAL
  64             | DISTINTO
  65             | IGUALIGUAL

  66  bloque_de_sentencias : sentencia_ejecutable
  67                       | BEGIN parte_ejecutable_bloque END ';'
  68                       | BEGIN parte_ejecutable_bloque END

  69  iteracion : loop bloque_de_sentencias UNTIL condicion_until

  70  loop : LOOP

  71  salida_mensajes : PRINT '(' CADENA ')'
  72                  | PRINT '(' CADENA
  73                  | PRINT CADENA ')'
  74                  | PRINT CADENA
  75                  | PRINT '(' error ')'

  76  ambito : abre_ambito parte_declara_ambito parte_ejecutable cierra_ambito
  77         | abre_ambito parte_ejecutable cierra_ambito
  78         | abre_ambito parte_declara_ambito cierra_ambito
  79         | abre_ambito parte_ejecutable parte_declara_ambito cierra_ambito
  80         | abre_ambito error cierra_ambito

  81  abre_ambito : '{'

  82  cierra_ambito : '}'

  83  parte_declara_ambito : parte_declara_ambito sent_declara_ambito
  84                       | sent_declara_ambito

  85  sent_declara_ambito : sentencia_declarativa
  86                      | GLOBAL lista_var_g ';'

state 0
	$accept : . programa $end  (0)

	IF  shift 1
	PRINT  shift 2
	INT  shift 3
	FLOAT  shift 4
	LOOP  shift 5
	ID  shift 6
	'{'  shift 7
	.  error

	programa  goto 8
	parte_declarativa  goto 9
	parte_ejecutable  goto 10
	sentencia_declarativa  goto 11
	sentencia_ejecutable  goto 12
	ambito  goto 13
	tipo  goto 14
	seleccion  goto 15
	iteracion  goto 16
	salida_mensajes  goto 17
	asignacion  goto 18
	loop  goto 19
	abre_ambito  goto 20


state 1
	seleccion : IF . condicion_if THEN bloque_de_sentencias  (28)
	seleccion : IF . condicion_if THEN bloque_de_sentencias else bloque_de_sentencias  (29)
	seleccion : IF . condicion_if bloque_de_sentencias  (30)
	seleccion : IF . condicion_if bloque_de_sentencias ELSE bloque_de_sentencias  (31)

	error  shift 21
	TOFLOAT  shift 22
	ID  shift 23
	CTE  shift 24
	'-'  shift 25
	'('  shift 26
	.  error

	condicion_if  goto 27
	condicion  goto 28
	expresion  goto 29


state 2
	salida_mensajes : PRINT . '(' CADENA ')'  (71)
	salida_mensajes : PRINT . '(' CADENA  (72)
	salida_mensajes : PRINT . CADENA ')'  (73)
	salida_mensajes : PRINT . CADENA  (74)
	salida_mensajes : PRINT . '(' error ')'  (75)

	CADENA  shift 30
	'('  shift 31
	.  error


state 3
	tipo : INT .  (15)

	.  reduce 15


state 4
	tipo : FLOAT .  (14)

	.  reduce 14


state 5
	loop : LOOP .  (70)

	.  reduce 70


state 6
	asignacion : ID . '=' expresion ';'  (47)
	asignacion : ID . '=' expresion  (48)
	asignacion : ID . '=' error ';'  (49)
	asignacion : ID . '=' expresion error ';'  (50)
	asignacion : ID . error ';'  (51)

	error  shift 32
	'='  shift 33
	.  error


state 7
	abre_ambito : '{' .  (81)

	.  reduce 81


state 8
	$accept : programa . $end  (0)

	$end  accept


state 9
	programa : parte_declarativa . parte_ejecutable  (1)
	parte_declarativa : parte_declarativa . sentencia_declarativa  (3)

	IF  shift 1
	PRINT  shift 2
	INT  shift 3
	FLOAT  shift 4
	LOOP  shift 5
	ID  shift 6
	'{'  shift 7
	.  error

	parte_ejecutable  goto 34
	sentencia_declarativa  goto 35
	sentencia_ejecutable  goto 12
	ambito  goto 13
	tipo  goto 14
	seleccion  goto 15
	iteracion  goto 16
	salida_mensajes  goto 17
	asignacion  goto 18
	loop  goto 19
	abre_ambito  goto 20


state 10
	programa : parte_ejecutable .  (2)
	parte_ejecutable : parte_ejecutable . sentencia_ejecutable  (5)
	parte_ejecutable : parte_ejecutable . ambito  (6)

	IF  shift 1
	PRINT  shift 2
	LOOP  shift 5
	ID  shift 6
	'{'  shift 7
	$end  reduce 2

	sentencia_ejecutable  goto 36
	ambito  goto 37
	seleccion  goto 15
	iteracion  goto 16
	salida_mensajes  goto 17
	asignacion  goto 18
	loop  goto 19
	abre_ambito  goto 20


state 11
	parte_declarativa : sentencia_declarativa .  (4)

	.  reduce 4


state 12
	parte_ejecutable : sentencia_ejecutable .  (7)

	.  reduce 7


state 13
	parte_ejecutable : ambito .  (8)

	.  reduce 8


state 14
	sentencia_declarativa : tipo . lista_var ';'  (11)
	sentencia_declarativa : tipo . error ';'  (12)
	sentencia_declarativa : tipo . lista_var error ';'  (13)

	error  shift 38
	ID  shift 39
	.  error

	lista_var  goto 40


state 15
	sentencia_ejecutable : seleccion .  (22)

	.  reduce 22


state 16
	sentencia_ejecutable : iteracion . ';'  (23)
	sentencia_ejecutable : iteracion .  (24)

	';'  shift 41
	$end  reduce 24
	IF  reduce 24
	ELSE  reduce 24
	PRINT  reduce 24
	INT  reduce 24
	END  reduce 24
	FLOAT  reduce 24
	GLOBAL  reduce 24
	LOOP  reduce 24
	UNTIL  reduce 24
	ID  reduce 24
	'{'  reduce 24
	'}'  reduce 24


state 17
	sentencia_ejecutable : salida_mensajes . ';'  (25)
	sentencia_ejecutable : salida_mensajes .  (26)

	';'  shift 42
	$end  reduce 26
	IF  reduce 26
	ELSE  reduce 26
	PRINT  reduce 26
	INT  reduce 26
	END  reduce 26
	FLOAT  reduce 26
	GLOBAL  reduce 26
	LOOP  reduce 26
	UNTIL  reduce 26
	ID  reduce 26
	'{'  reduce 26
	'}'  reduce 26


state 18
	sentencia_ejecutable : asignacion .  (27)

	.  reduce 27


state 19
	iteracion : loop . bloque_de_sentencias UNTIL condicion_until  (69)

	IF  shift 1
	PRINT  shift 2
	BEGIN  shift 43
	LOOP  shift 5
	ID  shift 6
	.  error

	sentencia_ejecutable  goto 44
	seleccion  goto 15
	iteracion  goto 16
	salida_mensajes  goto 17
	asignacion  goto 18
	bloque_de_sentencias  goto 45
	loop  goto 19


state 20
	ambito : abre_ambito . parte_declara_ambito parte_ejecutable cierra_ambito  (76)
	ambito : abre_ambito . parte_ejecutable cierra_ambito  (77)
	ambito : abre_ambito . parte_declara_ambito cierra_ambito  (78)
	ambito : abre_ambito . parte_ejecutable parte_declara_ambito cierra_ambito  (79)
	ambito : abre_ambito . error cierra_ambito  (80)

	error  shift 46
	IF  shift 1
	PRINT  shift 2
	INT  shift 3
	FLOAT  shift 4
	GLOBAL  shift 47
	LOOP  shift 5
	ID  shift 6
	'{'  shift 7
	.  error

	parte_ejecutable  goto 48
	sentencia_declarativa  goto 49
	sentencia_ejecutable  goto 12
	ambito  goto 13
	tipo  goto 14
	seleccion  goto 15
	iteracion  goto 16
	salida_mensajes  goto 17
	asignacion  goto 18
	loop  goto 19
	abre_ambito  goto 20
	parte_declara_ambito  goto 50
	sent_declara_ambito  goto 51


state 21
	condicion : error . comparador expresion  (43)
	condicion : error . comparador error  (45)
	condicion : error .  (46)

	MENORIGUAL  shift 52
	MAYORIGUAL  shift 53
	IGUALIGUAL  shift 54
	DISTINTO  shift 55
	'>'  shift 56
	'<'  shift 57
	$end  reduce 46
	IF  reduce 46
	THEN  reduce 46
	ELSE  reduce 46
	PRINT  reduce 46
	INT  reduce 46
	BEGIN  reduce 46
	END  reduce 46
	FLOAT  reduce 46
	GLOBAL  reduce 46
	LOOP  reduce 46
	UNTIL  reduce 46
	ID  reduce 46
	';'  reduce 46
	')'  reduce 46
	'{'  reduce 46
	'}'  reduce 46

	comparador  goto 58


state 22
	expresion : TOFLOAT . '(' expresion ')'  (54)

	'('  shift 59
	.  error


state 23
	expresion : ID .  (57)

	.  reduce 57


state 24
	expresion : CTE .  (58)

	.  reduce 58


state 25
	expresion : '-' . CTE  (59)

	CTE  shift 60
	.  error


state 26
	condicion_if : '(' . condicion ')'  (32)
	condicion_if : '(' . condicion  (33)

	error  shift 21
	TOFLOAT  shift 22
	ID  shift 23
	CTE  shift 24
	'-'  shift 25
	.  error

	condicion  goto 61
	expresion  goto 29


state 27
	seleccion : IF condicion_if . THEN bloque_de_sentencias  (28)
	seleccion : IF condicion_if . THEN bloque_de_sentencias else bloque_de_sentencias  (29)
	seleccion : IF condicion_if . bloque_de_sentencias  (30)
	seleccion : IF condicion_if . bloque_de_sentencias ELSE bloque_de_sentencias  (31)

	IF  shift 1
	THEN  shift 62
	PRINT  shift 2
	BEGIN  shift 43
	LOOP  shift 5
	ID  shift 6
	.  error

	sentencia_ejecutable  goto 44
	seleccion  goto 15
	iteracion  goto 16
	salida_mensajes  goto 17
	asignacion  goto 18
	bloque_de_sentencias  goto 63
	loop  goto 19


state 28
	condicion_if : condicion . ')'  (34)
	condicion_if : condicion .  (35)

	')'  shift 64
	IF  reduce 35
	THEN  reduce 35
	PRINT  reduce 35
	BEGIN  reduce 35
	LOOP  reduce 35
	ID  reduce 35


state 29
	condicion : expresion . comparador expresion  (41)
	condicion : expresion . comparador error  (42)
	condicion : expresion . error expresion  (44)
	expresion : expresion . '+' expresion  (52)
	expresion : expresion . '-' expresion  (53)
	expresion : expresion . '*' expresion  (55)
	expresion : expresion . '/' expresion  (56)

	error  shift 65
	MENORIGUAL  shift 52
	MAYORIGUAL  shift 53
	IGUALIGUAL  shift 54
	DISTINTO  shift 55
	'+'  shift 66
	'-'  shift 67
	'*'  shift 68
	'/'  shift 69
	'>'  shift 56
	'<'  shift 57
	.  error

	comparador  goto 70


state 30
	salida_mensajes : PRINT CADENA . ')'  (73)
	salida_mensajes : PRINT CADENA .  (74)

	')'  shift 71
	$end  reduce 74
	IF  reduce 74
	ELSE  reduce 74
	PRINT  reduce 74
	INT  reduce 74
	END  reduce 74
	FLOAT  reduce 74
	GLOBAL  reduce 74
	LOOP  reduce 74
	UNTIL  reduce 74
	ID  reduce 74
	';'  reduce 74
	'{'  reduce 74
	'}'  reduce 74


state 31
	salida_mensajes : PRINT '(' . CADENA ')'  (71)
	salida_mensajes : PRINT '(' . CADENA  (72)
	salida_mensajes : PRINT '(' . error ')'  (75)

	error  shift 72
	CADENA  shift 73
	.  error


state 32
	asignacion : ID error . ';'  (51)

	';'  shift 74
	.  error


state 33
	asignacion : ID '=' . expresion ';'  (47)
	asignacion : ID '=' . expresion  (48)
	asignacion : ID '=' . error ';'  (49)
	asignacion : ID '=' . expresion error ';'  (50)

	error  shift 75
	TOFLOAT  shift 22
	ID  shift 23
	CTE  shift 24
	'-'  shift 25
	.  error

	expresion  goto 76


state 34
	programa : parte_declarativa parte_ejecutable .  (1)
	parte_ejecutable : parte_ejecutable . sentencia_ejecutable  (5)
	parte_ejecutable : parte_ejecutable . ambito  (6)

	IF  shift 1
	PRINT  shift 2
	LOOP  shift 5
	ID  shift 6
	'{'  shift 7
	$end  reduce 1

	sentencia_ejecutable  goto 36
	ambito  goto 37
	seleccion  goto 15
	iteracion  goto 16
	salida_mensajes  goto 17
	asignacion  goto 18
	loop  goto 19
	abre_ambito  goto 20


state 35
	parte_declarativa : parte_declarativa sentencia_declarativa .  (3)

	.  reduce 3


state 36
	parte_ejecutable : parte_ejecutable sentencia_ejecutable .  (5)

	.  reduce 5


state 37
	parte_ejecutable : parte_ejecutable ambito .  (6)

	.  reduce 6


state 38
	sentencia_declarativa : tipo error . ';'  (12)
	lista_var : error . ',' ID  (18)

	';'  shift 77
	','  shift 78
	.  error


state 39
	lista_var : ID .  (17)

	.  reduce 17


state 40
	sentencia_declarativa : tipo lista_var . ';'  (11)
	sentencia_declarativa : tipo lista_var . error ';'  (13)
	lista_var : lista_var . ',' ID  (16)

	error  shift 79
	';'  shift 80
	','  shift 81
	.  error


state 41
	sentencia_ejecutable : iteracion ';' .  (23)

	.  reduce 23


state 42
	sentencia_ejecutable : salida_mensajes ';' .  (25)

	.  reduce 25


state 43
	bloque_de_sentencias : BEGIN . parte_ejecutable_bloque END ';'  (67)
	bloque_de_sentencias : BEGIN . parte_ejecutable_bloque END  (68)

	IF  shift 1
	PRINT  shift 2
	LOOP  shift 5
	ID  shift 6
	.  error

	sentencia_ejecutable  goto 82
	parte_ejecutable_bloque  goto 83
	seleccion  goto 15
	iteracion  goto 16
	salida_mensajes  goto 17
	asignacion  goto 18
	loop  goto 19


state 44
	bloque_de_sentencias : sentencia_ejecutable .  (66)

	.  reduce 66


state 45
	iteracion : loop bloque_de_sentencias . UNTIL condicion_until  (69)

	UNTIL  shift 84
	.  error


state 46
	ambito : abre_ambito error . cierra_ambito  (80)

	'}'  shift 85
	.  error

	cierra_ambito  goto 86


state 47
	sent_declara_ambito : GLOBAL . lista_var_g ';'  (86)

	error  shift 87
	ID  shift 88
	.  error

	lista_var_g  goto 89


state 48
	parte_ejecutable : parte_ejecutable . sentencia_ejecutable  (5)
	parte_ejecutable : parte_ejecutable . ambito  (6)
	ambito : abre_ambito parte_ejecutable . cierra_ambito  (77)
	ambito : abre_ambito parte_ejecutable . parte_declara_ambito cierra_ambito  (79)

	IF  shift 1
	PRINT  shift 2
	INT  shift 3
	FLOAT  shift 4
	GLOBAL  shift 47
	LOOP  shift 5
	ID  shift 6
	'{'  shift 7
	'}'  shift 85
	.  error

	sentencia_declarativa  goto 49
	sentencia_ejecutable  goto 36
	ambito  goto 37
	tipo  goto 14
	seleccion  goto 15
	iteracion  goto 16
	salida_mensajes  goto 17
	asignacion  goto 18
	loop  goto 19
	abre_ambito  goto 20
	parte_declara_ambito  goto 90
	cierra_ambito  goto 91
	sent_declara_ambito  goto 51


state 49
	sent_declara_ambito : sentencia_declarativa .  (85)

	.  reduce 85


state 50
	ambito : abre_ambito parte_declara_ambito . parte_ejecutable cierra_ambito  (76)
	ambito : abre_ambito parte_declara_ambito . cierra_ambito  (78)
	parte_declara_ambito : parte_declara_ambito . sent_declara_ambito  (83)

	IF  shift 1
	PRINT  shift 2
	INT  shift 3
	FLOAT  shift 4
	GLOBAL  shift 47
	LOOP  shift 5
	ID  shift 6
	'{'  shift 7
	'}'  shift 85
	.  error

	parte_ejecutable  goto 92
	sentencia_declarativa  goto 49
	sentencia_ejecutable  goto 12
	ambito  goto 13
	tipo  goto 14
	seleccion  goto 15
	iteracion  goto 16
	salida_mensajes  goto 17
	asignacion  goto 18
	loop  goto 19
	abre_ambito  goto 20
	cierra_ambito  goto 93
	sent_declara_ambito  goto 94


state 51
	parte_declara_ambito : sent_declara_ambito .  (84)

	.  reduce 84


state 52
	comparador : MENORIGUAL .  (63)

	.  reduce 63


state 53
	comparador : MAYORIGUAL .  (62)

	.  reduce 62


state 54
	comparador : IGUALIGUAL .  (65)

	.  reduce 65


state 55
	comparador : DISTINTO .  (64)

	.  reduce 64


state 56
	comparador : '>' .  (60)

	.  reduce 60


state 57
	comparador : '<' .  (61)

	.  reduce 61


state 58
	condicion : error comparador . expresion  (43)
	condicion : error comparador . error  (45)

	error  shift 95
	TOFLOAT  shift 22
	ID  shift 23
	CTE  shift 24
	'-'  shift 25
	.  error

	expresion  goto 96


state 59
	expresion : TOFLOAT '(' . expresion ')'  (54)

	TOFLOAT  shift 22
	ID  shift 23
	CTE  shift 24
	'-'  shift 25
	.  error

	expresion  goto 97


state 60
	expresion : '-' CTE .  (59)

	.  reduce 59


state 61
	condicion_if : '(' condicion . ')'  (32)
	condicion_if : '(' condicion .  (33)

	')'  shift 98
	IF  reduce 33
	THEN  reduce 33
	PRINT  reduce 33
	BEGIN  reduce 33
	LOOP  reduce 33
	ID  reduce 33


state 62
	seleccion : IF condicion_if THEN . bloque_de_sentencias  (28)
	seleccion : IF condicion_if THEN . bloque_de_sentencias else bloque_de_sentencias  (29)

	IF  shift 1
	PRINT  shift 2
	BEGIN  shift 43
	LOOP  shift 5
	ID  shift 6
	.  error

	sentencia_ejecutable  goto 44
	seleccion  goto 15
	iteracion  goto 16
	salida_mensajes  goto 17
	asignacion  goto 18
	bloque_de_sentencias  goto 99
	loop  goto 19


state 63
	seleccion : IF condicion_if bloque_de_sentencias .  (30)
	seleccion : IF condicion_if bloque_de_sentencias . ELSE bloque_de_sentencias  (31)

	ELSE  shift 100
	$end  reduce 30
	IF  reduce 30
	PRINT  reduce 30
	INT  reduce 30
	END  reduce 30
	FLOAT  reduce 30
	GLOBAL  reduce 30
	LOOP  reduce 30
	UNTIL  reduce 30
	ID  reduce 30
	'{'  reduce 30
	'}'  reduce 30


state 64
	condicion_if : condicion ')' .  (34)

	.  reduce 34


state 65
	condicion : expresion error . expresion  (44)

	TOFLOAT  shift 22
	ID  shift 23
	CTE  shift 24
	'-'  shift 25
	.  error

	expresion  goto 101


state 66
	expresion : expresion '+' . expresion  (52)

	TOFLOAT  shift 22
	ID  shift 23
	CTE  shift 24
	'-'  shift 25
	.  error

	expresion  goto 102


state 67
	expresion : expresion '-' . expresion  (53)

	TOFLOAT  shift 22
	ID  shift 23
	CTE  shift 24
	'-'  shift 25
	.  error

	expresion  goto 103


state 68
	expresion : expresion '*' . expresion  (55)

	TOFLOAT  shift 22
	ID  shift 23
	CTE  shift 24
	'-'  shift 25
	.  error

	expresion  goto 104


state 69
	expresion : expresion '/' . expresion  (56)

	TOFLOAT  shift 22
	ID  shift 23
	CTE  shift 24
	'-'  shift 25
	.  error

	expresion  goto 105


state 70
	condicion : expresion comparador . expresion  (41)
	condicion : expresion comparador . error  (42)

	error  shift 106
	TOFLOAT  shift 22
	ID  shift 23
	CTE  shift 24
	'-'  shift 25
	.  error

	expresion  goto 107


state 71
	salida_mensajes : PRINT CADENA ')' .  (73)

	.  reduce 73


state 72
	salida_mensajes : PRINT '(' error . ')'  (75)

	')'  shift 108
	.  error


state 73
	salida_mensajes : PRINT '(' CADENA . ')'  (71)
	salida_mensajes : PRINT '(' CADENA .  (72)

	')'  shift 109
	$end  reduce 72
	IF  reduce 72
	ELSE  reduce 72
	PRINT  reduce 72
	INT  reduce 72
	END  reduce 72
	FLOAT  reduce 72
	GLOBAL  reduce 72
	LOOP  reduce 72
	UNTIL  reduce 72
	ID  reduce 72
	';'  reduce 72
	'{'  reduce 72
	'}'  reduce 72


state 74
	asignacion : ID error ';' .  (51)

	.  reduce 51


state 75
	asignacion : ID '=' error . ';'  (49)

	';'  shift 110
	.  error


state 76
	asignacion : ID '=' expresion . ';'  (47)
	asignacion : ID '=' expresion .  (48)
	asignacion : ID '=' expresion . error ';'  (50)
	expresion : expresion . '+' expresion  (52)
	expresion : expresion . '-' expresion  (53)
	expresion : expresion . '*' expresion  (55)
	expresion : expresion . '/' expresion  (56)

	error  shift 111
	'+'  shift 66
	'-'  shift 67
	'*'  shift 68
	'/'  shift 69
	';'  shift 112
	$end  reduce 48
	IF  reduce 48
	ELSE  reduce 48
	PRINT  reduce 48
	INT  reduce 48
	END  reduce 48
	FLOAT  reduce 48
	GLOBAL  reduce 48
	LOOP  reduce 48
	UNTIL  reduce 48
	ID  reduce 48
	'{'  reduce 48
	'}'  reduce 48


state 77
	sentencia_declarativa : tipo error ';' .  (12)

	.  reduce 12


state 78
	lista_var : error ',' . ID  (18)

	ID  shift 113
	.  error


state 79
	sentencia_declarativa : tipo lista_var error . ';'  (13)

	';'  shift 114
	.  error


state 80
	sentencia_declarativa : tipo lista_var ';' .  (11)

	.  reduce 11


state 81
	lista_var : lista_var ',' . ID  (16)

	ID  shift 115
	.  error


state 82
	parte_ejecutable_bloque : sentencia_ejecutable .  (10)

	.  reduce 10


state 83
	parte_ejecutable_bloque : parte_ejecutable_bloque . sentencia_ejecutable  (9)
	bloque_de_sentencias : BEGIN parte_ejecutable_bloque . END ';'  (67)
	bloque_de_sentencias : BEGIN parte_ejecutable_bloque . END  (68)

	IF  shift 1
	PRINT  shift 2
	END  shift 116
	LOOP  shift 5
	ID  shift 6
	.  error

	sentencia_ejecutable  goto 117
	seleccion  goto 15
	iteracion  goto 16
	salida_mensajes  goto 17
	asignacion  goto 18
	loop  goto 19


state 84
	iteracion : loop bloque_de_sentencias UNTIL . condicion_until  (69)

	error  shift 21
	TOFLOAT  shift 22
	ID  shift 23
	CTE  shift 24
	'-'  shift 25
	'('  shift 118
	.  error

	condicion  goto 119
	condicion_until  goto 120
	expresion  goto 29


state 85
	cierra_ambito : '}' .  (82)

	.  reduce 82


state 86
	ambito : abre_ambito error cierra_ambito .  (80)

	.  reduce 80


state 87
	lista_var_g : error . ',' ID  (21)

	','  shift 121
	.  error


state 88
	lista_var_g : ID .  (20)

	.  reduce 20


state 89
	lista_var_g : lista_var_g . ',' ID  (19)
	sent_declara_ambito : GLOBAL lista_var_g . ';'  (86)

	';'  shift 122
	','  shift 123
	.  error


state 90
	ambito : abre_ambito parte_ejecutable parte_declara_ambito . cierra_ambito  (79)
	parte_declara_ambito : parte_declara_ambito . sent_declara_ambito  (83)

	INT  shift 3
	FLOAT  shift 4
	GLOBAL  shift 47
	'}'  shift 85
	.  error

	sentencia_declarativa  goto 49
	tipo  goto 14
	cierra_ambito  goto 124
	sent_declara_ambito  goto 94


state 91
	ambito : abre_ambito parte_ejecutable cierra_ambito .  (77)

	.  reduce 77


state 92
	parte_ejecutable : parte_ejecutable . sentencia_ejecutable  (5)
	parte_ejecutable : parte_ejecutable . ambito  (6)
	ambito : abre_ambito parte_declara_ambito parte_ejecutable . cierra_ambito  (76)

	IF  shift 1
	PRINT  shift 2
	LOOP  shift 5
	ID  shift 6
	'{'  shift 7
	'}'  shift 85
	.  error

	sentencia_ejecutable  goto 36
	ambito  goto 37
	seleccion  goto 15
	iteracion  goto 16
	salida_mensajes  goto 17
	asignacion  goto 18
	loop  goto 19
	abre_ambito  goto 20
	cierra_ambito  goto 125


state 93
	ambito : abre_ambito parte_declara_ambito cierra_ambito .  (78)

	.  reduce 78


state 94
	parte_declara_ambito : parte_declara_ambito sent_declara_ambito .  (83)

	.  reduce 83


state 95
	condicion : error comparador error .  (45)

	.  reduce 45


state 96
	condicion : error comparador expresion .  (43)
	expresion : expresion . '+' expresion  (52)
	expresion : expresion . '-' expresion  (53)
	expresion : expresion . '*' expresion  (55)
	expresion : expresion . '/' expresion  (56)

	'+'  shift 66
	'-'  shift 67
	'*'  shift 68
	'/'  shift 69
	$end  reduce 43
	IF  reduce 43
	THEN  reduce 43
	ELSE  reduce 43
	PRINT  reduce 43
	INT  reduce 43
	BEGIN  reduce 43
	END  reduce 43
	FLOAT  reduce 43
	GLOBAL  reduce 43
	LOOP  reduce 43
	UNTIL  reduce 43
	ID  reduce 43
	';'  reduce 43
	')'  reduce 43
	'{'  reduce 43
	'}'  reduce 43


state 97
	expresion : expresion . '+' expresion  (52)
	expresion : expresion . '-' expresion  (53)
	expresion : TOFLOAT '(' expresion . ')'  (54)
	expresion : expresion . '*' expresion  (55)
	expresion : expresion . '/' expresion  (56)

	'+'  shift 66
	'-'  shift 67
	'*'  shift 68
	'/'  shift 69
	')'  shift 126
	.  error


state 98
	condicion_if : '(' condicion ')' .  (32)

	.  reduce 32


state 99
	seleccion : IF condicion_if THEN bloque_de_sentencias .  (28)
	seleccion : IF condicion_if THEN bloque_de_sentencias . else bloque_de_sentencias  (29)

	ELSE  shift 127
	$end  reduce 28
	IF  reduce 28
	PRINT  reduce 28
	INT  reduce 28
	END  reduce 28
	FLOAT  reduce 28
	GLOBAL  reduce 28
	LOOP  reduce 28
	UNTIL  reduce 28
	ID  reduce 28
	'{'  reduce 28
	'}'  reduce 28

	else  goto 128


state 100
	seleccion : IF condicion_if bloque_de_sentencias ELSE . bloque_de_sentencias  (31)

	IF  shift 1
	PRINT  shift 2
	BEGIN  shift 43
	LOOP  shift 5
	ID  shift 6
	.  error

	sentencia_ejecutable  goto 44
	seleccion  goto 15
	iteracion  goto 16
	salida_mensajes  goto 17
	asignacion  goto 18
	bloque_de_sentencias  goto 129
	loop  goto 19


state 101
	condicion : expresion error expresion .  (44)
	expresion : expresion . '+' expresion  (52)
	expresion : expresion . '-' expresion  (53)
	expresion : expresion . '*' expresion  (55)
	expresion : expresion . '/' expresion  (56)

	'+'  shift 66
	'-'  shift 67
	'*'  shift 68
	'/'  shift 69
	$end  reduce 44
	IF  reduce 44
	THEN  reduce 44
	ELSE  reduce 44
	PRINT  reduce 44
	INT  reduce 44
	BEGIN  reduce 44
	END  reduce 44
	FLOAT  reduce 44
	GLOBAL  reduce 44
	LOOP  reduce 44
	UNTIL  reduce 44
	ID  reduce 44
	';'  reduce 44
	')'  reduce 44
	'{'  reduce 44
	'}'  reduce 44


state 102
	expresion : expresion . '+' expresion  (52)
	expresion : expresion '+' expresion .  (52)
	expresion : expresion . '-' expresion  (53)
	expresion : expresion . '*' expresion  (55)
	expresion : expresion . '/' expresion  (56)

	'*'  shift 68
	'/'  shift 69
	$end  reduce 52
	error  reduce 52
	IF  reduce 52
	THEN  reduce 52
	ELSE  reduce 52
	PRINT  reduce 52
	INT  reduce 52
	BEGIN  reduce 52
	END  reduce 52
	FLOAT  reduce 52
	GLOBAL  reduce 52
	LOOP  reduce 52
	UNTIL  reduce 52
	ID  reduce 52
	MENORIGUAL  reduce 52
	MAYORIGUAL  reduce 52
	IGUALIGUAL  reduce 52
	DISTINTO  reduce 52
	'+'  reduce 52
	'-'  reduce 52
	';'  reduce 52
	')'  reduce 52
	'>'  reduce 52
	'<'  reduce 52
	'{'  reduce 52
	'}'  reduce 52


state 103
	expresion : expresion . '+' expresion  (52)
	expresion : expresion . '-' expresion  (53)
	expresion : expresion '-' expresion .  (53)
	expresion : expresion . '*' expresion  (55)
	expresion : expresion . '/' expresion  (56)

	'*'  shift 68
	'/'  shift 69
	$end  reduce 53
	error  reduce 53
	IF  reduce 53
	THEN  reduce 53
	ELSE  reduce 53
	PRINT  reduce 53
	INT  reduce 53
	BEGIN  reduce 53
	END  reduce 53
	FLOAT  reduce 53
	GLOBAL  reduce 53
	LOOP  reduce 53
	UNTIL  reduce 53
	ID  reduce 53
	MENORIGUAL  reduce 53
	MAYORIGUAL  reduce 53
	IGUALIGUAL  reduce 53
	DISTINTO  reduce 53
	'+'  reduce 53
	'-'  reduce 53
	';'  reduce 53
	')'  reduce 53
	'>'  reduce 53
	'<'  reduce 53
	'{'  reduce 53
	'}'  reduce 53


state 104
	expresion : expresion . '+' expresion  (52)
	expresion : expresion . '-' expresion  (53)
	expresion : expresion . '*' expresion  (55)
	expresion : expresion '*' expresion .  (55)
	expresion : expresion . '/' expresion  (56)

	.  reduce 55


state 105
	expresion : expresion . '+' expresion  (52)
	expresion : expresion . '-' expresion  (53)
	expresion : expresion . '*' expresion  (55)
	expresion : expresion . '/' expresion  (56)
	expresion : expresion '/' expresion .  (56)

	.  reduce 56


state 106
	condicion : expresion comparador error .  (42)

	.  reduce 42


state 107
	condicion : expresion comparador expresion .  (41)
	expresion : expresion . '+' expresion  (52)
	expresion : expresion . '-' expresion  (53)
	expresion : expresion . '*' expresion  (55)
	expresion : expresion . '/' expresion  (56)

	'+'  shift 66
	'-'  shift 67
	'*'  shift 68
	'/'  shift 69
	$end  reduce 41
	IF  reduce 41
	THEN  reduce 41
	ELSE  reduce 41
	PRINT  reduce 41
	INT  reduce 41
	BEGIN  reduce 41
	END  reduce 41
	FLOAT  reduce 41
	GLOBAL  reduce 41
	LOOP  reduce 41
	UNTIL  reduce 41
	ID  reduce 41
	';'  reduce 41
	')'  reduce 41
	'{'  reduce 41
	'}'  reduce 41


state 108
	salida_mensajes : PRINT '(' error ')' .  (75)

	.  reduce 75


state 109
	salida_mensajes : PRINT '(' CADENA ')' .  (71)

	.  reduce 71


state 110
	asignacion : ID '=' error ';' .  (49)

	.  reduce 49


state 111
	asignacion : ID '=' expresion error . ';'  (50)

	';'  shift 130
	.  error


state 112
	asignacion : ID '=' expresion ';' .  (47)

	.  reduce 47


state 113
	lista_var : error ',' ID .  (18)

	.  reduce 18


state 114
	sentencia_declarativa : tipo lista_var error ';' .  (13)

	.  reduce 13


state 115
	lista_var : lista_var ',' ID .  (16)

	.  reduce 16


state 116
	bloque_de_sentencias : BEGIN parte_ejecutable_bloque END . ';'  (67)
	bloque_de_sentencias : BEGIN parte_ejecutable_bloque END .  (68)

	';'  shift 131
	$end  reduce 68
	IF  reduce 68
	ELSE  reduce 68
	PRINT  reduce 68
	INT  reduce 68
	END  reduce 68
	FLOAT  reduce 68
	GLOBAL  reduce 68
	LOOP  reduce 68
	UNTIL  reduce 68
	ID  reduce 68
	'{'  reduce 68
	'}'  reduce 68


state 117
	parte_ejecutable_bloque : parte_ejecutable_bloque sentencia_ejecutable .  (9)

	.  reduce 9


state 118
	condicion_until : '(' . condicion ')'  (37)
	condicion_until : '(' . condicion  (38)

	error  shift 21
	TOFLOAT  shift 22
	ID  shift 23
	CTE  shift 24
	'-'  shift 25
	.  error

	condicion  goto 132
	expresion  goto 29


state 119
	condicion_until : condicion . ')'  (39)
	condicion_until : condicion .  (40)

	')'  shift 133
	$end  reduce 40
	IF  reduce 40
	ELSE  reduce 40
	PRINT  reduce 40
	INT  reduce 40
	END  reduce 40
	FLOAT  reduce 40
	GLOBAL  reduce 40
	LOOP  reduce 40
	UNTIL  reduce 40
	ID  reduce 40
	';'  reduce 40
	'{'  reduce 40
	'}'  reduce 40


state 120
	iteracion : loop bloque_de_sentencias UNTIL condicion_until .  (69)

	.  reduce 69


state 121
	lista_var_g : error ',' . ID  (21)

	ID  shift 134
	.  error


state 122
	sent_declara_ambito : GLOBAL lista_var_g ';' .  (86)

	.  reduce 86


state 123
	lista_var_g : lista_var_g ',' . ID  (19)

	ID  shift 135
	.  error


state 124
	ambito : abre_ambito parte_ejecutable parte_declara_ambito cierra_ambito .  (79)

	.  reduce 79


state 125
	ambito : abre_ambito parte_declara_ambito parte_ejecutable cierra_ambito .  (76)

	.  reduce 76


state 126
	expresion : TOFLOAT '(' expresion ')' .  (54)

	.  reduce 54


state 127
	else : ELSE .  (36)

	.  reduce 36


state 128
	seleccion : IF condicion_if THEN bloque_de_sentencias else . bloque_de_sentencias  (29)

	IF  shift 1
	PRINT  shift 2
	BEGIN  shift 43
	LOOP  shift 5
	ID  shift 6
	.  error

	sentencia_ejecutable  goto 44
	seleccion  goto 15
	iteracion  goto 16
	salida_mensajes  goto 17
	asignacion  goto 18
	bloque_de_sentencias  goto 136
	loop  goto 19


state 129
	seleccion : IF condicion_if bloque_de_sentencias ELSE bloque_de_sentencias .  (31)

	.  reduce 31


state 130
	asignacion : ID '=' expresion error ';' .  (50)

	.  reduce 50


state 131
	bloque_de_sentencias : BEGIN parte_ejecutable_bloque END ';' .  (67)

	.  reduce 67


state 132
	condicion_until : '(' condicion . ')'  (37)
	condicion_until : '(' condicion .  (38)

	')'  shift 137
	$end  reduce 38
	IF  reduce 38
	ELSE  reduce 38
	PRINT  reduce 38
	INT  reduce 38
	END  reduce 38
	FLOAT  reduce 38
	GLOBAL  reduce 38
	LOOP  reduce 38
	UNTIL  reduce 38
	ID  reduce 38
	';'  reduce 38
	'{'  reduce 38
	'}'  reduce 38


state 133
	condicion_until : condicion ')' .  (39)

	.  reduce 39


state 134
	lista_var_g : error ',' ID .  (21)

	.  reduce 21


state 135
	lista_var_g : lista_var_g ',' ID .  (19)

	.  reduce 19


state 136
	seleccion : IF condicion_if THEN bloque_de_sentencias else bloque_de_sentencias .  (29)

	.  reduce 29


state 137
	condicion_until : '(' condicion ')' .  (37)

	.  reduce 37


35 terminals, 27 nonterminals
87 grammar rules, 138 states
